  bricksecretbox_1x1.cpp
  collision.cpp
  block_1x1.cpp
  brick_1x1.cpp
  bushes_3x1.cpp
  bushes_4x1.cpp
  bushes_5x1.cpp
  castle_5x5.cpp
  cloud_3x2.cpp
  cloud_4x2.cpp
  cloud_5x2.cpp
  flagpole_1x9.cpp
  flag_2x1.cpp
  flipimage.cpp
  floor_1x1.cpp
  gameloop.cpp
  greenball_1x1.cpp
  hash.cpp
  hill_3x2.cpp
  hill_5x3.cpp
  正在生成代码...
  正在编译...
  image.cpp
  main.cpp
  mainscene.cpp
  map.cpp
  mario.cpp
  overlap.cpp
  secretbox_1x1.cpp
  sprite.cpp
  spritefactory.cpp
  tube_2x2.cpp
  tube_2x3.cpp
  tube_2x4.cpp
  utility.cpp
  vector.cpp
  正在生成代码...
  super_mario.vcxproj -> C:\Users\linge\Desktop\12.物体触发效果\output\x64\Debug\super_mario.exe
